0 info it worked if it ends with ok
1 verbose cli [ '/usr/local/bin/node',
1 verbose cli   '/usr/local/bin/npm',
1 verbose cli   'run',
1 verbose cli   'docker-test' ]
2 info using npm@3.8.5
3 info using node@v4.2.2
4 verbose run-script [ 'predocker-test', 'docker-test', 'postdocker-test' ]
5 info lifecycle angular-chart.js@1.0.2~predocker-test: angular-chart.js@1.0.2
6 silly lifecycle angular-chart.js@1.0.2~predocker-test: no script for predocker-test, continuing
7 info lifecycle angular-chart.js@1.0.2~docker-test: angular-chart.js@1.0.2
8 verbose lifecycle angular-chart.js@1.0.2~docker-test: unsafe-perm in lifecycle true
9 verbose lifecycle angular-chart.js@1.0.2~docker-test: PATH: /usr/local/lib/node_modules/npm/bin/node-gyp-bin:/Volumes/Library/_Repos/JavaScript/angular-chart.js/node_modules/.bin:/usr/local/bin:/Volumes/Library/_Repos/JavaScript/angular-chart.js/node_modules/.bin:/Users/tefdos/.rvm/gems/ruby-2.1.3/bin:/Users/tefdos/.rvm/gems/ruby-2.1.3@global/bin:/Users/tefdos/.rvm/rubies/ruby-2.1.3/bin:/Applications/MAMP/bin/php/php5.5.10/bin:/opt/local/bin:/opt/local/sbin:/Volumes/Library/_Projects/scripts:/usr/local/bin:/opt/iOSOpenDev/bin:/usr/local/mysql/bin:/usr/local/php5/bin:/usr/bin:/bin:/usr/sbin:/sbin:/usr/local/bin:/opt/X11/bin:/usr/local/git/bin:/usr/local/MacGPG2/bin:/Users/tefdos/.rvm/bin:/Users/tefdos/Development/adt-bundle-mac-x86_64-20140702/sdk/tools:/Users/tefdos/Development/adt-bundle-mac-x86_64-20140702/sdk/platform-tools
10 verbose lifecycle angular-chart.js@1.0.2~docker-test: CWD: /Volumes/Library/_Repos/JavaScript/angular-chart.js
11 silly lifecycle angular-chart.js@1.0.2~docker-test: Args: [ '-c',
11 silly lifecycle   'docker run --rm -i -v $(pwd)/coverage/:/src/coverage/ -v $(pwd)/test/:/src/test/ -v $(pwd)/angular-chart.js:/src/angular-chart.js angular-chart.js' ]
12 info lifecycle angular-chart.js@1.0.2~docker-test: Failed to exec docker-test script
13 verbose stack Error: angular-chart.js@1.0.2 docker-test: `docker run --rm -i -v $(pwd)/coverage/:/src/coverage/ -v $(pwd)/test/:/src/test/ -v $(pwd)/angular-chart.js:/src/angular-chart.js angular-chart.js`
13 verbose stack spawn ENOENT
13 verbose stack     at ChildProcess.<anonymous> (/usr/local/lib/node_modules/npm/lib/utils/spawn.js:17:16)
13 verbose stack     at emitTwo (events.js:87:13)
13 verbose stack     at ChildProcess.emit (events.js:172:7)
13 verbose stack     at maybeClose (internal/child_process.js:818:16)
13 verbose stack     at Process.ChildProcess._handle.onexit (internal/child_process.js:211:5)
14 verbose pkgid angular-chart.js@1.0.2
15 verbose cwd /Volumes/Library/_Repos/JavaScript/angular-chart.js
16 error Darwin 15.0.0
17 error argv "/usr/local/bin/node" "/usr/local/bin/npm" "run" "docker-test"
18 error node v4.2.2
19 error npm  v3.8.5
20 error file sh
21 error code ELIFECYCLE
22 error errno ENOENT
23 error syscall spawn
24 error angular-chart.js@1.0.2 docker-test: `docker run --rm -i -v $(pwd)/coverage/:/src/coverage/ -v $(pwd)/test/:/src/test/ -v $(pwd)/angular-chart.js:/src/angular-chart.js angular-chart.js`
24 error spawn ENOENT
25 error Failed at the angular-chart.js@1.0.2 docker-test script 'docker run --rm -i -v $(pwd)/coverage/:/src/coverage/ -v $(pwd)/test/:/src/test/ -v $(pwd)/angular-chart.js:/src/angular-chart.js angular-chart.js'.
25 error Make sure you have the latest version of node.js and npm installed.
25 error If you do, this is most likely a problem with the angular-chart.js package,
25 error not with npm itself.
25 error Tell the author that this fails on your system:
25 error     docker run --rm -i -v $(pwd)/coverage/:/src/coverage/ -v $(pwd)/test/:/src/test/ -v $(pwd)/angular-chart.js:/src/angular-chart.js angular-chart.js
25 error You can get information on how to open an issue for this project with:
25 error     npm bugs angular-chart.js
25 error Or if that isn't available, you can get their info via:
25 error     npm owner ls angular-chart.js
25 error There is likely additional logging output above.
26 verbose exit [ 1, true ]
